2026-02-04 08:43:25.552 +01:00 [WRN] Navigations 'BunnyRunStatus.User' and 'User.BunnyRunStatus' were separated into two relationships since the [ForeignKey] attribute was specified on navigations on both sides.
2026-02-04 08:43:25.615 +01:00 [WRN] Navigations 'FlappyBirdStatus.User' and 'User.FlappyBirdStatus' were separated into two relationships since the [ForeignKey] attribute was specified on navigations on both sides.
2026-02-04 08:43:25.624 +01:00 [WRN] Navigations 'MemoryGameStatus.User' and 'User.MemoryGameStatus' were separated into two relationships since the [ForeignKey] attribute was specified on navigations on both sides.
2026-02-04 08:43:25.644 +01:00 [WRN] Navigations 'User.WorldeStatus' and 'WordleStatus.User' were separated into two relationships since the [ForeignKey] attribute was specified on navigations on both sides.
2026-02-04 08:43:26.936 +01:00 [INF] Logged in! User:Test
2026-02-04 08:43:43.070 +01:00 [INF] FlappyBirdStatus has been updated for User-1!
2026-02-04 08:44:18.849 +01:00 [INF] Logged in! User:Test
2026-02-04 08:44:34.145 +01:00 [INF] FlappyBirdStatus has been requested by user-1!
2026-02-04 08:44:34.158 +01:00 [INF] FlappyBirdStatus has been requested by user-1!
2026-02-04 08:44:34.165 +01:00 [INF] FlappyBirdStatus has been requested by user-1!
2026-02-04 08:44:34.172 +01:00 [INF] FlappyBirdStatus has been requested by user-1!
2026-02-04 08:44:34.178 +01:00 [INF] FlappyBirdStatus has been requested by user-1!
2026-02-04 08:44:34.187 +01:00 [INF] FlappyBirdStatus has been updated for User-1!
2026-02-04 08:44:34.195 +01:00 [INF] FlappyBirdStatus has been updated for User-1!
2026-02-04 08:44:34.202 +01:00 [INF] FlappyBirdStatus has been updated for User-1!
2026-02-04 08:44:34.209 +01:00 [INF] FlappyBirdStatus has been updated for User-1!
2026-02-04 08:44:34.215 +01:00 [INF] FlappyBirdStatus has been updated for User-1!
2026-02-04 08:44:59.597 +01:00 [INF] FlappyBirdStatus has been requested by user-1!
2026-02-04 08:44:59.605 +01:00 [INF] FlappyBirdStatus has been requested by user-1!
2026-02-04 08:44:59.612 +01:00 [INF] FlappyBirdStatus has been requested by user-1!
2026-02-04 08:44:59.619 +01:00 [INF] FlappyBirdStatus has been requested by user-1!
2026-02-04 08:44:59.626 +01:00 [INF] FlappyBirdStatus has been requested by user-1!
2026-02-04 08:44:59.633 +01:00 [INF] FlappyBirdStatus has been requested by user-1!
2026-02-04 08:44:59.640 +01:00 [INF] FlappyBirdStatus has been requested by user-1!
2026-02-04 08:44:59.646 +01:00 [INF] FlappyBirdStatus has been requested by user-1!
2026-02-04 08:44:59.653 +01:00 [INF] FlappyBirdStatus has been requested by user-1!
2026-02-04 08:44:59.661 +01:00 [INF] FlappyBirdStatus has been updated for User-1!
2026-02-04 08:44:59.668 +01:00 [INF] FlappyBirdStatus has been updated for User-1!
2026-02-04 08:44:59.675 +01:00 [INF] FlappyBirdStatus has been updated for User-1!
2026-02-04 08:44:59.682 +01:00 [INF] FlappyBirdStatus has been updated for User-1!
2026-02-04 08:44:59.690 +01:00 [INF] FlappyBirdStatus has been updated for User-1!
2026-02-04 08:44:59.696 +01:00 [INF] FlappyBirdStatus has been updated for User-1!
2026-02-04 08:44:59.702 +01:00 [INF] FlappyBirdStatus has been updated for User-1!
2026-02-04 08:44:59.713 +01:00 [INF] FlappyBirdStatus has been updated for User-1!
2026-02-04 08:44:59.719 +01:00 [INF] FlappyBirdStatus has been updated for User-1!
2026-02-04 08:45:43.120 +01:00 [INF] Logged in! User:Test
2026-02-04 08:46:04.241 +01:00 [INF] FlappyBirdStatus has been requested by user-1!
2026-02-04 08:46:04.248 +01:00 [INF] FlappyBirdStatus has been requested by user-1!
2026-02-04 08:46:04.255 +01:00 [INF] FlappyBirdStatus has been requested by user-1!
2026-02-04 08:46:04.262 +01:00 [INF] FlappyBirdStatus has been requested by user-1!
2026-02-04 08:46:04.267 +01:00 [INF] FlappyBirdStatus has been requested by user-1!
2026-02-04 08:46:04.273 +01:00 [INF] FlappyBirdStatus has been requested by user-1!
2026-02-04 08:46:04.279 +01:00 [INF] FlappyBirdStatus has been requested by user-1!
2026-02-04 08:46:04.285 +01:00 [INF] FlappyBirdStatus has been requested by user-1!
2026-02-04 08:46:04.295 +01:00 [INF] FlappyBirdStatus has been requested by user-1!
2026-02-04 08:46:04.301 +01:00 [INF] FlappyBirdStatus has been requested by user-1!
2026-02-04 08:46:04.308 +01:00 [INF] FlappyBirdStatus has been requested by user-1!
2026-02-04 08:46:04.314 +01:00 [INF] FlappyBirdStatus has been requested by user-1!
2026-02-04 08:46:04.320 +01:00 [INF] FlappyBirdStatus has been requested by user-1!
2026-02-04 08:46:04.328 +01:00 [INF] FlappyBirdStatus has been updated for User-1!
2026-02-04 08:46:04.334 +01:00 [INF] FlappyBirdStatus has been updated for User-1!
2026-02-04 08:46:04.341 +01:00 [INF] FlappyBirdStatus has been updated for User-1!
2026-02-04 08:46:04.347 +01:00 [INF] FlappyBirdStatus has been updated for User-1!
2026-02-04 08:46:04.353 +01:00 [INF] FlappyBirdStatus has been updated for User-1!
2026-02-04 08:46:04.359 +01:00 [INF] FlappyBirdStatus has been updated for User-1!
2026-02-04 08:46:04.365 +01:00 [INF] FlappyBirdStatus has been updated for User-1!
2026-02-04 08:46:04.372 +01:00 [INF] FlappyBirdStatus has been updated for User-1!
2026-02-04 08:46:04.378 +01:00 [INF] FlappyBirdStatus has been updated for User-1!
2026-02-04 08:46:04.384 +01:00 [INF] FlappyBirdStatus has been updated for User-1!
2026-02-04 08:46:04.389 +01:00 [INF] FlappyBirdStatus has been updated for User-1!
2026-02-04 08:46:04.395 +01:00 [INF] FlappyBirdStatus has been updated for User-1!
2026-02-04 08:46:04.402 +01:00 [INF] FlappyBirdStatus has been updated for User-1!
2026-02-04 08:46:34.501 +01:00 [INF] FlappyBirdStatus has been requested by user-1!
2026-02-04 08:46:54.841 +01:00 [INF] FlappyBirdStatus has been requested by user-1!
2026-02-04 08:46:54.856 +01:00 [INF] FlappyBirdStatus has been updated for User-1!
2026-02-04 08:47:30.064 +01:00 [INF] FlappyBirdStatus has been requested by user-1!
2026-02-04 08:47:30.072 +01:00 [INF] FlappyBirdStatus has been requested by user-1!
2026-02-04 08:47:30.077 +01:00 [INF] FlappyBirdStatus has been requested by user-1!
2026-02-04 08:47:30.083 +01:00 [INF] FlappyBirdStatus has been requested by user-1!
2026-02-04 08:47:30.089 +01:00 [INF] FlappyBirdStatus has been requested by user-1!
2026-02-04 08:47:30.100 +01:00 [INF] FlappyBirdStatus has been requested by user-1!
2026-02-04 08:47:30.105 +01:00 [INF] FlappyBirdStatus has been requested by user-1!
2026-02-04 08:47:30.111 +01:00 [INF] FlappyBirdStatus has been requested by user-1!
2026-02-04 08:47:30.117 +01:00 [INF] FlappyBirdStatus has been requested by user-1!
2026-02-04 08:47:30.123 +01:00 [INF] FlappyBirdStatus has been requested by user-1!
2026-02-04 08:47:30.128 +01:00 [INF] FlappyBirdStatus has been requested by user-1!
2026-02-04 08:47:30.133 +01:00 [INF] FlappyBirdStatus has been requested by user-1!
2026-02-04 08:47:30.139 +01:00 [INF] FlappyBirdStatus has been requested by user-1!
2026-02-04 08:47:30.145 +01:00 [INF] FlappyBirdStatus has been requested by user-1!
2026-02-04 08:47:30.150 +01:00 [INF] FlappyBirdStatus has been requested by user-1!
2026-02-04 08:47:30.156 +01:00 [INF] FlappyBirdStatus has been requested by user-1!
2026-02-04 08:47:30.161 +01:00 [INF] FlappyBirdStatus has been requested by user-1!
2026-02-04 08:47:30.166 +01:00 [INF] FlappyBirdStatus has been requested by user-1!
2026-02-04 08:47:30.172 +01:00 [INF] FlappyBirdStatus has been requested by user-1!
2026-02-04 08:47:30.178 +01:00 [INF] FlappyBirdStatus has been requested by user-1!
2026-02-04 08:47:30.183 +01:00 [INF] FlappyBirdStatus has been requested by user-1!
2026-02-04 08:47:30.189 +01:00 [INF] FlappyBirdStatus has been requested by user-1!
2026-02-04 08:47:30.195 +01:00 [INF] FlappyBirdStatus has been requested by user-1!
2026-02-04 08:47:30.201 +01:00 [INF] FlappyBirdStatus has been requested by user-1!
2026-02-04 08:47:30.206 +01:00 [INF] FlappyBirdStatus has been requested by user-1!
2026-02-04 08:47:30.212 +01:00 [INF] FlappyBirdStatus has been requested by user-1!
2026-02-04 08:47:30.218 +01:00 [INF] FlappyBirdStatus has been requested by user-1!
2026-02-04 08:47:30.223 +01:00 [INF] FlappyBirdStatus has been requested by user-1!
2026-02-04 08:47:30.229 +01:00 [INF] FlappyBirdStatus has been requested by user-1!
2026-02-04 08:47:30.235 +01:00 [INF] FlappyBirdStatus has been requested by user-1!
2026-02-04 08:47:30.241 +01:00 [INF] FlappyBirdStatus has been requested by user-1!
2026-02-04 08:47:30.246 +01:00 [INF] FlappyBirdStatus has been requested by user-1!
2026-02-04 08:47:30.252 +01:00 [INF] FlappyBirdStatus has been requested by user-1!
2026-02-04 08:47:30.258 +01:00 [INF] FlappyBirdStatus has been requested by user-1!
2026-02-04 08:47:30.263 +01:00 [INF] FlappyBirdStatus has been requested by user-1!
2026-02-04 08:47:30.269 +01:00 [INF] FlappyBirdStatus has been requested by user-1!
2026-02-04 08:47:30.275 +01:00 [INF] FlappyBirdStatus has been requested by user-1!
2026-02-04 08:47:30.281 +01:00 [INF] FlappyBirdStatus has been requested by user-1!
2026-02-04 08:47:30.286 +01:00 [INF] FlappyBirdStatus has been requested by user-1!
2026-02-04 08:47:30.291 +01:00 [INF] FlappyBirdStatus has been requested by user-1!
2026-02-04 08:47:30.297 +01:00 [INF] FlappyBirdStatus has been requested by user-1!
2026-02-04 08:47:30.306 +01:00 [INF] FlappyBirdStatus has been requested by user-1!
2026-02-04 08:47:30.313 +01:00 [INF] FlappyBirdStatus has been requested by user-1!
2026-02-04 08:47:30.319 +01:00 [INF] FlappyBirdStatus has been requested by user-1!
2026-02-04 08:47:30.327 +01:00 [INF] FlappyBirdStatus has been updated for User-1!
2026-02-04 08:47:30.332 +01:00 [INF] FlappyBirdStatus has been updated for User-1!
2026-02-04 08:47:30.337 +01:00 [INF] FlappyBirdStatus has been updated for User-1!
2026-02-04 08:47:30.342 +01:00 [INF] FlappyBirdStatus has been updated for User-1!
2026-02-04 08:47:30.348 +01:00 [INF] FlappyBirdStatus has been updated for User-1!
2026-02-04 08:47:30.353 +01:00 [INF] FlappyBirdStatus has been updated for User-1!
2026-02-04 08:47:30.359 +01:00 [INF] FlappyBirdStatus has been updated for User-1!
2026-02-04 08:47:30.364 +01:00 [INF] FlappyBirdStatus has been updated for User-1!
2026-02-04 08:47:30.369 +01:00 [INF] FlappyBirdStatus has been updated for User-1!
2026-02-04 08:47:30.375 +01:00 [INF] FlappyBirdStatus has been updated for User-1!
2026-02-04 08:47:30.380 +01:00 [INF] FlappyBirdStatus has been updated for User-1!
2026-02-04 08:47:30.385 +01:00 [INF] FlappyBirdStatus has been updated for User-1!
2026-02-04 08:47:30.391 +01:00 [INF] FlappyBirdStatus has been updated for User-1!
2026-02-04 08:47:30.396 +01:00 [INF] FlappyBirdStatus has been updated for User-1!
2026-02-04 08:47:30.402 +01:00 [INF] FlappyBirdStatus has been updated for User-1!
2026-02-04 08:47:30.409 +01:00 [INF] FlappyBirdStatus has been updated for User-1!
2026-02-04 08:47:30.414 +01:00 [INF] FlappyBirdStatus has been updated for User-1!
2026-02-04 08:47:30.419 +01:00 [INF] FlappyBirdStatus has been updated for User-1!
2026-02-04 08:47:30.425 +01:00 [INF] FlappyBirdStatus has been updated for User-1!
2026-02-04 08:47:30.430 +01:00 [INF] FlappyBirdStatus has been updated for User-1!
2026-02-04 08:47:30.435 +01:00 [INF] FlappyBirdStatus has been updated for User-1!
2026-02-04 08:47:30.440 +01:00 [INF] FlappyBirdStatus has been updated for User-1!
2026-02-04 08:47:30.445 +01:00 [INF] FlappyBirdStatus has been updated for User-1!
2026-02-04 08:47:30.450 +01:00 [INF] FlappyBirdStatus has been updated for User-1!
2026-02-04 08:47:30.455 +01:00 [INF] FlappyBirdStatus has been updated for User-1!
2026-02-04 08:47:30.461 +01:00 [INF] FlappyBirdStatus has been updated for User-1!
2026-02-04 08:47:30.467 +01:00 [INF] FlappyBirdStatus has been updated for User-1!
2026-02-04 08:47:30.472 +01:00 [INF] FlappyBirdStatus has been updated for User-1!
2026-02-04 08:47:30.481 +01:00 [INF] FlappyBirdStatus has been updated for User-1!
2026-02-04 08:47:30.486 +01:00 [INF] FlappyBirdStatus has been updated for User-1!
2026-02-04 08:47:30.492 +01:00 [INF] FlappyBirdStatus has been updated for User-1!
2026-02-04 08:47:30.497 +01:00 [INF] FlappyBirdStatus has been updated for User-1!
2026-02-04 08:47:30.502 +01:00 [INF] FlappyBirdStatus has been updated for User-1!
2026-02-04 08:47:30.508 +01:00 [INF] FlappyBirdStatus has been updated for User-1!
2026-02-04 08:47:30.514 +01:00 [INF] FlappyBirdStatus has been updated for User-1!
2026-02-04 08:47:30.520 +01:00 [INF] FlappyBirdStatus has been updated for User-1!
2026-02-04 08:47:30.525 +01:00 [INF] FlappyBirdStatus has been updated for User-1!
2026-02-04 08:47:30.530 +01:00 [INF] FlappyBirdStatus has been updated for User-1!
2026-02-04 08:47:30.535 +01:00 [INF] FlappyBirdStatus has been updated for User-1!
2026-02-04 08:47:30.541 +01:00 [INF] FlappyBirdStatus has been updated for User-1!
2026-02-04 08:47:30.546 +01:00 [INF] FlappyBirdStatus has been updated for User-1!
2026-02-04 08:47:30.550 +01:00 [INF] FlappyBirdStatus has been updated for User-1!
2026-02-04 08:47:30.556 +01:00 [INF] FlappyBirdStatus has been updated for User-1!
2026-02-04 08:47:30.561 +01:00 [INF] FlappyBirdStatus has been updated for User-1!
2026-02-04 08:48:13.787 +01:00 [INF] FlappyBirdStatus has been requested by user-1!
2026-02-04 08:50:19.692 +01:00 [INF] FlappyBirdStatus has been requested by user-1!
2026-02-04 11:56:16.900 +01:00 [WRN] Navigations 'BunnyRunStatus.User' and 'User.BunnyRunStatus' were separated into two relationships since the [ForeignKey] attribute was specified on navigations on both sides.
2026-02-04 11:56:16.955 +01:00 [WRN] Navigations 'FlappyBirdStatus.User' and 'User.FlappyBirdStatus' were separated into two relationships since the [ForeignKey] attribute was specified on navigations on both sides.
2026-02-04 11:56:16.964 +01:00 [WRN] Navigations 'MemoryGameStatus.User' and 'User.MemoryGameStatus' were separated into two relationships since the [ForeignKey] attribute was specified on navigations on both sides.
2026-02-04 11:56:16.980 +01:00 [WRN] Navigations 'User.WorldeStatus' and 'WordleStatus.User' were separated into two relationships since the [ForeignKey] attribute was specified on navigations on both sides.
2026-02-04 11:56:18.167 +01:00 [INF] Logged in! User:Test
