2026-03-16 09:38:39.284 +01:00 [INF] Logged in! User:admin1
2026-03-16 09:38:39.384 +01:00 [INF] All logs have been requested for the admin panel
2026-03-16 09:38:45.338 +01:00 [INF] All logs have been requested for the admin panel
2026-03-16 09:39:37.338 +01:00 [INF] All logs have been requested for the admin panel
2026-03-16 09:39:51.666 +01:00 [INF] All logs have been requested for the admin panel
2026-03-16 09:41:16.727 +01:00 [INF] All logs have been requested for the admin panel
2026-03-16 09:41:47.181 +01:00 [INF] All logs have been requested for the admin panel
2026-03-16 09:42:34.410 +01:00 [INF] All logs have been requested for the admin panel
2026-03-16 09:42:41.867 +01:00 [INF] All logs have been requested for the admin panel
2026-03-16 09:42:45.721 +01:00 [INF] All logs have been requested for the admin panel
2026-03-16 09:46:36.154 +01:00 [INF] All logs have been requested for the admin panel
2026-03-16 09:46:58.567 +01:00 [INF] All logs have been requested for the admin panel
2026-03-16 09:47:19.596 +01:00 [INF] All logs have been requested for the admin panel
2026-03-16 09:47:38.429 +01:00 [INF] All logs have been requested for the admin panel
2026-03-16 09:48:04.537 +01:00 [INF] All logs have been requested for the admin panel
2026-03-16 09:48:15.475 +01:00 [INF] All logs have been requested for the admin panel
2026-03-16 09:48:16.727 +01:00 [INF] All logs have been requested for the admin panel
2026-03-16 09:49:01.359 +01:00 [INF] All logs have been requested for the admin panel
2026-03-16 09:49:02.780 +01:00 [INF] All logs have been requested for the admin panel
2026-03-16 09:49:22.281 +01:00 [INF] All logs have been requested for the admin panel
2026-03-16 09:49:45.833 +01:00 [INF] All logs have been requested for the admin panel
2026-03-16 09:50:46.241 +01:00 [INF] All logs have been requested for the admin panel
2026-03-16 09:51:02.387 +01:00 [INF] All logs have been requested for the admin panel
2026-03-16 09:52:23.143 +01:00 [INF] All logs have been requested for the admin panel
2026-03-16 09:52:31.685 +01:00 [INF] All logs have been requested for the admin panel
2026-03-16 09:53:06.200 +01:00 [INF] All logs have been requested for the admin panel
2026-03-16 09:57:37.378 +01:00 [INF] All logs have been requested for the admin panel
2026-03-16 10:00:50.981 +01:00 [INF] All logs have been requested for the admin panel
2026-03-16 10:01:23.577 +01:00 [INF] All logs have been requested for the admin panel
2026-03-16 10:01:24.258 +01:00 [INF] All logs have been requested for the admin panel
2026-03-16 10:01:26.946 +01:00 [INF] All logs have been requested for the admin panel
2026-03-16 10:01:30.254 +01:00 [INF] All logs have been requested for the admin panel
2026-03-16 10:02:44.211 +01:00 [INF] All users have been requested for the admin panel
2026-03-16 10:02:44.224 +01:00 [INF] All logs have been requested for the admin panel
2026-03-16 10:03:13.369 +01:00 [INF] All users have been requested for the admin panel
2026-03-16 10:03:13.380 +01:00 [INF] All logs have been requested for the admin panel
2026-03-16 10:03:15.030 +01:00 [INF] All users have been requested for the admin panel
2026-03-16 10:03:15.045 +01:00 [INF] All logs have been requested for the admin panel
2026-03-16 10:03:16.106 +01:00 [INF] All users have been requested for the admin panel
2026-03-16 10:03:16.118 +01:00 [INF] All logs have been requested for the admin panel
2026-03-16 10:03:18.180 +01:00 [INF] All users have been requested for the admin panel
2026-03-16 10:03:18.191 +01:00 [INF] All logs have been requested for the admin panel
2026-03-16 10:05:25.025 +01:00 [INF] All users have been requested for the admin panel
2026-03-16 10:05:25.035 +01:00 [INF] All logs have been requested for the admin panel
2026-03-16 10:06:07.346 +01:00 [INF] All users have been requested for the admin panel
2026-03-16 10:06:07.357 +01:00 [INF] All logs have been requested for the admin panel
2026-03-16 10:06:13.693 +01:00 [INF] All users have been requested for the admin panel
2026-03-16 10:06:13.707 +01:00 [INF] All logs have been requested for the admin panel
2026-03-16 10:06:17.016 +01:00 [INF] All users have been requested for the admin panel
2026-03-16 10:06:17.028 +01:00 [INF] All logs have been requested for the admin panel
2026-03-16 10:06:52.840 +01:00 [INF] All users have been requested for the admin panel
2026-03-16 10:06:52.852 +01:00 [INF] All logs have been requested for the admin panel
2026-03-16 10:06:57.163 +01:00 [INF] All users have been requested for the admin panel
2026-03-16 10:06:57.174 +01:00 [INF] All logs have been requested for the admin panel
2026-03-16 10:06:59.419 +01:00 [INF] All users have been requested for the admin panel
2026-03-16 10:06:59.430 +01:00 [INF] All logs have been requested for the admin panel
2026-03-16 10:07:09.366 +01:00 [INF] All users have been requested for the admin panel
2026-03-16 10:07:09.376 +01:00 [INF] All logs have been requested for the admin panel
2026-03-16 10:07:23.588 +01:00 [INF] Logged in! User:admin1
2026-03-16 10:07:45.458 +01:00 [INF] All users have been requested for the admin panel
2026-03-16 10:07:45.470 +01:00 [INF] All logs have been requested for the admin panel
2026-03-16 10:08:18.888 +01:00 [INF] All users have been requested for the admin panel
2026-03-16 10:08:18.901 +01:00 [INF] All logs have been requested for the admin panel
2026-03-16 10:08:25.167 +01:00 [INF] All users have been requested for the admin panel
2026-03-16 10:08:25.178 +01:00 [INF] All logs have been requested for the admin panel
2026-03-16 10:08:26.451 +01:00 [INF] All users have been requested for the admin panel
2026-03-16 10:08:26.460 +01:00 [INF] All logs have been requested for the admin panel
2026-03-16 10:09:39.170 +01:00 [INF] All users have been requested for the admin panel
2026-03-16 10:09:39.180 +01:00 [INF] All logs have been requested for the admin panel
2026-03-16 12:04:55.532 +01:00 [WRN] Navigations 'BunnyRunStatus.User' and 'User.BunnyRunStatus' were separated into two relationships since the [ForeignKey] attribute was specified on navigations on both sides.
2026-03-16 12:04:55.641 +01:00 [WRN] Navigations 'FlappyBirdStatus.User' and 'User.FlappyBirdStatus' were separated into two relationships since the [ForeignKey] attribute was specified on navigations on both sides.
2026-03-16 12:04:55.653 +01:00 [WRN] Navigations 'MemoryGameStatus.User' and 'User.MemoryGameStatus' were separated into two relationships since the [ForeignKey] attribute was specified on navigations on both sides.
2026-03-16 12:04:55.686 +01:00 [WRN] Navigations 'User.WorldeStatus' and 'WordleStatus.User' were separated into two relationships since the [ForeignKey] attribute was specified on navigations on both sides.
2026-03-16 12:13:28.173 +01:00 [INF] Logged in! User:admin1
2026-03-16 12:13:49.329 +01:00 [INF] FlappyBirdStatus has been requested by user-2!
2026-03-16 12:13:49.391 +01:00 [INF] FlappyBirdStatus has been requested by user-2!
2026-03-16 12:13:49.435 +01:00 [INF] FlappyBirdStatus has been requested by user-2!
2026-03-16 12:13:49.460 +01:00 [INF] FlappyBirdStatus has been requested by user-2!
2026-03-16 12:13:49.486 +01:00 [INF] FlappyBirdStatus has been requested by user-2!
2026-03-16 12:13:49.511 +01:00 [INF] FlappyBirdStatus has been requested by user-2!
2026-03-16 12:13:49.717 +01:00 [INF] FlappyBirdStatus has been updated for User-2!
2026-03-16 12:13:49.742 +01:00 [INF] FlappyBirdStatus has been updated for User-2!
2026-03-16 12:13:49.766 +01:00 [INF] FlappyBirdStatus has been updated for User-2!
2026-03-16 12:13:49.791 +01:00 [INF] FlappyBirdStatus has been updated for User-2!
2026-03-16 12:13:49.817 +01:00 [INF] FlappyBirdStatus has been updated for User-2!
2026-03-16 12:13:49.843 +01:00 [INF] FlappyBirdStatus has been updated for User-2!
2026-03-16 12:14:48.487 +01:00 [INF] BunnyRunStatus has been requested by user-2!
2026-03-16 12:14:48.603 +01:00 [INF] BunnyRunStatus has been updated for User-2!
2026-03-16 12:16:57.629 +01:00 [ERR] Invalid credentials
2026-03-16 12:17:17.480 +01:00 [ERR] Invalid credentials
2026-03-16 12:19:59.300 +01:00 [INF] Logged in! User:admin1
2026-03-16 12:19:59.671 +01:00 [INF] All users have been requested for the admin panel
2026-03-16 12:19:59.723 +01:00 [INF] All logs have been requested for the admin panel
2026-03-16 12:23:29.588 +01:00 [INF] All users have been requested for the admin panel
2026-03-16 12:23:29.609 +01:00 [INF] All logs have been requested for the admin panel
2026-03-16 12:24:01.285 +01:00 [INF] All users have been requested for the admin panel
2026-03-16 12:24:01.320 +01:00 [INF] All logs have been requested for the admin panel
2026-03-16 15:48:09.647 +01:00 [WRN] Navigations 'BunnyRunStatus.User' and 'User.BunnyRunStatus' were separated into two relationships since the [ForeignKey] attribute was specified on navigations on both sides.
2026-03-16 15:48:09.721 +01:00 [WRN] Navigations 'FlappyBirdStatus.User' and 'User.FlappyBirdStatus' were separated into two relationships since the [ForeignKey] attribute was specified on navigations on both sides.
2026-03-16 15:48:09.726 +01:00 [WRN] Navigations 'MemoryGameStatus.User' and 'User.MemoryGameStatus' were separated into two relationships since the [ForeignKey] attribute was specified on navigations on both sides.
2026-03-16 15:48:09.742 +01:00 [WRN] Navigations 'User.WorldeStatus' and 'WordleStatus.User' were separated into two relationships since the [ForeignKey] attribute was specified on navigations on both sides.
2026-03-16 15:48:44.697 +01:00 [INF] Logged in! User:admin1
2026-03-16 15:49:01.900 +01:00 [INF] All logs have been requested for the admin panel
2026-03-16 15:49:18.458 +01:00 [INF] All logs have been requested for the admin panel
2026-03-16 15:50:58.839 +01:00 [INF] All logs have been requested for the admin panel
2026-03-16 15:51:02.984 +01:00 [INF] All logs have been requested for the admin panel
2026-03-16 15:51:50.992 +01:00 [INF] All logs have been requested for the admin panel
2026-03-16 15:52:30.842 +01:00 [INF] All logs have been requested for the admin panel
2026-03-16 15:53:17.287 +01:00 [INF] All logs have been requested for the admin panel
2026-03-16 15:54:02.465 +01:00 [INF] All logs have been requested for the admin panel
2026-03-16 15:55:04.544 +01:00 [INF] All logs have been requested for the admin panel
2026-03-16 15:56:05.081 +01:00 [INF] All logs have been requested for the admin panel
2026-03-16 15:56:33.571 +01:00 [INF] All logs have been requested for the admin panel
2026-03-16 15:56:37.618 +01:00 [INF] All logs have been requested for the admin panel
2026-03-16 15:57:17.299 +01:00 [INF] All logs have been requested for the admin panel
2026-03-16 15:57:50.935 +01:00 [INF] All logs have been requested for the admin panel
2026-03-16 15:58:17.849 +01:00 [INF] All logs have been requested for the admin panel
2026-03-16 15:58:38.479 +01:00 [INF] All logs have been requested for the admin panel
2026-03-16 15:58:43.645 +01:00 [INF] All logs have been requested for the admin panel
2026-03-16 16:05:11.276 +01:00 [INF] All logs have been requested for the admin panel
2026-03-16 16:05:12.823 +01:00 [INF] All logs have been requested for the admin panel
2026-03-16 16:05:20.186 +01:00 [INF] All logs have been requested for the admin panel
2026-03-16 16:43:01.008 +01:00 [INF] Logged in! User:admin1
2026-03-16 16:43:01.365 +01:00 [INF] All logs have been requested for the admin panel
2026-03-16 16:44:35.441 +01:00 [INF] All logs have been requested for the admin panel
2026-03-16 16:44:58.486 +01:00 [INF] All logs have been requested for the admin panel
2026-03-16 16:45:56.936 +01:00 [INF] All logs have been requested for the admin panel
2026-03-16 16:46:11.369 +01:00 [INF] All logs have been requested for the admin panel
2026-03-16 16:46:19.342 +01:00 [INF] All logs have been requested for the admin panel
2026-03-16 17:23:22.544 +01:00 [INF] Logged in! User:admin1
2026-03-16 17:23:22.863 +01:00 [INF] All users have been requested for the admin panel
2026-03-16 17:23:22.902 +01:00 [INF] All logs have been requested for the admin panel
