2026-02-24 10:14:49.689 +01:00 [WRN] Navigations 'BunnyRunStatus.User' and 'User.BunnyRunStatus' were separated into two relationships since the [ForeignKey] attribute was specified on navigations on both sides.
2026-02-24 10:14:49.746 +01:00 [WRN] Navigations 'FlappyBirdStatus.User' and 'User.FlappyBirdStatus' were separated into two relationships since the [ForeignKey] attribute was specified on navigations on both sides.
2026-02-24 10:14:49.752 +01:00 [WRN] Navigations 'MemoryGameStatus.User' and 'User.MemoryGameStatus' were separated into two relationships since the [ForeignKey] attribute was specified on navigations on both sides.
2026-02-24 10:14:49.767 +01:00 [WRN] Navigations 'User.WorldeStatus' and 'WordleStatus.User' were separated into two relationships since the [ForeignKey] attribute was specified on navigations on both sides.
2026-02-24 10:16:12.303 +01:00 [INF] Logged in! User:Test
2026-02-24 10:16:19.092 +01:00 [INF] Logged in! User:Test
2026-02-24 10:16:19.808 +01:00 [INF] Logged in! User:Test
2026-02-24 10:16:36.739 +01:00 [WRN] Navigations 'BunnyRunStatus.User' and 'User.BunnyRunStatus' were separated into two relationships since the [ForeignKey] attribute was specified on navigations on both sides.
2026-02-24 10:16:36.794 +01:00 [WRN] Navigations 'FlappyBirdStatus.User' and 'User.FlappyBirdStatus' were separated into two relationships since the [ForeignKey] attribute was specified on navigations on both sides.
2026-02-24 10:16:36.800 +01:00 [WRN] Navigations 'MemoryGameStatus.User' and 'User.MemoryGameStatus' were separated into two relationships since the [ForeignKey] attribute was specified on navigations on both sides.
2026-02-24 10:16:36.816 +01:00 [WRN] Navigations 'User.WorldeStatus' and 'WordleStatus.User' were separated into two relationships since the [ForeignKey] attribute was specified on navigations on both sides.
2026-02-24 10:20:12.279 +01:00 [WRN] Navigations 'BunnyRunStatus.User' and 'User.BunnyRunStatus' were separated into two relationships since the [ForeignKey] attribute was specified on navigations on both sides.
2026-02-24 10:20:12.323 +01:00 [WRN] Navigations 'FlappyBirdStatus.User' and 'User.FlappyBirdStatus' were separated into two relationships since the [ForeignKey] attribute was specified on navigations on both sides.
2026-02-24 10:20:12.326 +01:00 [WRN] Navigations 'MemoryGameStatus.User' and 'User.MemoryGameStatus' were separated into two relationships since the [ForeignKey] attribute was specified on navigations on both sides.
2026-02-24 10:20:12.337 +01:00 [WRN] Navigations 'User.WorldeStatus' and 'WordleStatus.User' were separated into two relationships since the [ForeignKey] attribute was specified on navigations on both sides.
2026-02-24 10:20:12.527 +01:00 [WRN] Navigations 'BunnyRunStatus.User' and 'User.BunnyRunStatus' were separated into two relationships since the [ForeignKey] attribute was specified on navigations on both sides.
2026-02-24 10:20:12.530 +01:00 [WRN] Navigations 'FlappyBirdStatus.User' and 'User.FlappyBirdStatus' were separated into two relationships since the [ForeignKey] attribute was specified on navigations on both sides.
2026-02-24 10:20:12.532 +01:00 [WRN] Navigations 'MemoryGameStatus.User' and 'User.MemoryGameStatus' were separated into two relationships since the [ForeignKey] attribute was specified on navigations on both sides.
2026-02-24 10:20:12.537 +01:00 [WRN] Navigations 'User.WorldeStatus' and 'WordleStatus.User' were separated into two relationships since the [ForeignKey] attribute was specified on navigations on both sides.
2026-02-24 10:20:29.557 +01:00 [WRN] Navigations 'BunnyRunStatus.User' and 'User.BunnyRunStatus' were separated into two relationships since the [ForeignKey] attribute was specified on navigations on both sides.
2026-02-24 10:20:29.602 +01:00 [WRN] Navigations 'FlappyBirdStatus.User' and 'User.FlappyBirdStatus' were separated into two relationships since the [ForeignKey] attribute was specified on navigations on both sides.
2026-02-24 10:20:29.605 +01:00 [WRN] Navigations 'MemoryGameStatus.User' and 'User.MemoryGameStatus' were separated into two relationships since the [ForeignKey] attribute was specified on navigations on both sides.
2026-02-24 10:20:29.616 +01:00 [WRN] Navigations 'User.WorldeStatus' and 'WordleStatus.User' were separated into two relationships since the [ForeignKey] attribute was specified on navigations on both sides.
