2026-02-18 15:53:18.967 +01:00 [WRN] Navigations 'BunnyRunStatus.User' and 'User.BunnyRunStatus' were separated into two relationships since the [ForeignKey] attribute was specified on navigations on both sides.
2026-02-18 15:53:19.017 +01:00 [WRN] Navigations 'FlappyBirdStatus.User' and 'User.FlappyBirdStatus' were separated into two relationships since the [ForeignKey] attribute was specified on navigations on both sides.
2026-02-18 15:53:19.020 +01:00 [WRN] Navigations 'MemoryGameStatus.User' and 'User.MemoryGameStatus' were separated into two relationships since the [ForeignKey] attribute was specified on navigations on both sides.
2026-02-18 15:53:19.032 +01:00 [WRN] Navigations 'User.WorldeStatus' and 'WordleStatus.User' were separated into two relationships since the [ForeignKey] attribute was specified on navigations on both sides.
2026-02-18 15:53:19.254 +01:00 [WRN] Navigations 'BunnyRunStatus.User' and 'User.BunnyRunStatus' were separated into two relationships since the [ForeignKey] attribute was specified on navigations on both sides.
2026-02-18 15:53:19.257 +01:00 [WRN] Navigations 'FlappyBirdStatus.User' and 'User.FlappyBirdStatus' were separated into two relationships since the [ForeignKey] attribute was specified on navigations on both sides.
2026-02-18 15:53:19.259 +01:00 [WRN] Navigations 'MemoryGameStatus.User' and 'User.MemoryGameStatus' were separated into two relationships since the [ForeignKey] attribute was specified on navigations on both sides.
2026-02-18 15:53:19.265 +01:00 [WRN] Navigations 'User.WorldeStatus' and 'WordleStatus.User' were separated into two relationships since the [ForeignKey] attribute was specified on navigations on both sides.
2026-02-18 15:54:19.772 +01:00 [WRN] Navigations 'BunnyRunStatus.User' and 'User.BunnyRunStatus' were separated into two relationships since the [ForeignKey] attribute was specified on navigations on both sides.
2026-02-18 15:54:19.816 +01:00 [WRN] Navigations 'FlappyBirdStatus.User' and 'User.FlappyBirdStatus' were separated into two relationships since the [ForeignKey] attribute was specified on navigations on both sides.
2026-02-18 15:54:19.820 +01:00 [WRN] Navigations 'MemoryGameStatus.User' and 'User.MemoryGameStatus' were separated into two relationships since the [ForeignKey] attribute was specified on navigations on both sides.
2026-02-18 15:54:19.831 +01:00 [WRN] Navigations 'User.WorldeStatus' and 'WordleStatus.User' were separated into two relationships since the [ForeignKey] attribute was specified on navigations on both sides.
2026-02-18 16:07:47.551 +01:00 [WRN] Navigations 'BunnyRunStatus.User' and 'User.BunnyRunStatus' were separated into two relationships since the [ForeignKey] attribute was specified on navigations on both sides.
2026-02-18 16:07:47.600 +01:00 [WRN] Navigations 'FlappyBirdStatus.User' and 'User.FlappyBirdStatus' were separated into two relationships since the [ForeignKey] attribute was specified on navigations on both sides.
2026-02-18 16:07:47.603 +01:00 [WRN] Navigations 'MemoryGameStatus.User' and 'User.MemoryGameStatus' were separated into two relationships since the [ForeignKey] attribute was specified on navigations on both sides.
2026-02-18 16:07:47.615 +01:00 [WRN] Navigations 'User.WorldeStatus' and 'WordleStatus.User' were separated into two relationships since the [ForeignKey] attribute was specified on navigations on both sides.
2026-02-18 16:07:47.835 +01:00 [WRN] Navigations 'BunnyRunStatus.User' and 'User.BunnyRunStatus' were separated into two relationships since the [ForeignKey] attribute was specified on navigations on both sides.
2026-02-18 16:07:47.839 +01:00 [WRN] Navigations 'FlappyBirdStatus.User' and 'User.FlappyBirdStatus' were separated into two relationships since the [ForeignKey] attribute was specified on navigations on both sides.
2026-02-18 16:07:47.841 +01:00 [WRN] Navigations 'MemoryGameStatus.User' and 'User.MemoryGameStatus' were separated into two relationships since the [ForeignKey] attribute was specified on navigations on both sides.
2026-02-18 16:07:47.849 +01:00 [WRN] Navigations 'User.WorldeStatus' and 'WordleStatus.User' were separated into two relationships since the [ForeignKey] attribute was specified on navigations on both sides.
2026-02-18 16:09:21.012 +01:00 [WRN] Navigations 'BunnyRunStatus.User' and 'User.BunnyRunStatus' were separated into two relationships since the [ForeignKey] attribute was specified on navigations on both sides.
2026-02-18 16:09:21.059 +01:00 [WRN] Navigations 'FlappyBirdStatus.User' and 'User.FlappyBirdStatus' were separated into two relationships since the [ForeignKey] attribute was specified on navigations on both sides.
2026-02-18 16:09:21.062 +01:00 [WRN] Navigations 'MemoryGameStatus.User' and 'User.MemoryGameStatus' were separated into two relationships since the [ForeignKey] attribute was specified on navigations on both sides.
2026-02-18 16:09:21.073 +01:00 [WRN] Navigations 'User.WorldeStatus' and 'WordleStatus.User' were separated into two relationships since the [ForeignKey] attribute was specified on navigations on both sides.
2026-02-18 19:37:46.915 +01:00 [WRN] Navigations 'BunnyRunStatus.User' and 'User.BunnyRunStatus' were separated into two relationships since the [ForeignKey] attribute was specified on navigations on both sides.
2026-02-18 19:37:46.980 +01:00 [WRN] Navigations 'FlappyBirdStatus.User' and 'User.FlappyBirdStatus' were separated into two relationships since the [ForeignKey] attribute was specified on navigations on both sides.
2026-02-18 19:37:46.988 +01:00 [WRN] Navigations 'MemoryGameStatus.User' and 'User.MemoryGameStatus' were separated into two relationships since the [ForeignKey] attribute was specified on navigations on both sides.
2026-02-18 19:37:47.006 +01:00 [WRN] Navigations 'User.WorldeStatus' and 'WordleStatus.User' were separated into two relationships since the [ForeignKey] attribute was specified on navigations on both sides.
2026-02-18 19:37:48.149 +01:00 [INF] Logged in! User:Test
